0 info it worked if it ends with ok
1 verbose cli [ '/home/neiljune/.nvm/versions/node/v6.9.5/bin/node',
1 verbose cli   '/home/neiljune/.nvm/versions/node/v6.9.5/bin/npm',
1 verbose cli   'start' ]
2 info using npm@3.10.10
3 info using node@v6.9.5
4 verbose run-script [ 'prestart', 'start', 'poststart' ]
5 info lifecycle ghost@0.11.10~prestart: ghost@0.11.10
6 silly lifecycle ghost@0.11.10~prestart: no script for prestart, continuing
7 info lifecycle ghost@0.11.10~start: ghost@0.11.10
8 verbose lifecycle ghost@0.11.10~start: unsafe-perm in lifecycle true
9 verbose lifecycle ghost@0.11.10~start: PATH: /home/neiljune/.nvm/versions/node/v6.9.5/lib/node_modules/npm/bin/node-gyp-bin:/home/neiljune/Desktop/nejuprojects/node_modules/.bin:/home/neiljune/.nvm/versions/node/v6.9.5/bin:/usr/local/heroku/bin:/usr/local/sbin:/usr/local/bin:/usr/sbin:/usr/bin:/sbin:/bin:/usr/games:/usr/local/games:/snap/bin
10 verbose lifecycle ghost@0.11.10~start: CWD: /home/neiljune/Desktop/nejuprojects
11 silly lifecycle ghost@0.11.10~start: Args: [ '-c', 'node index' ]
12 silly lifecycle ghost@0.11.10~start: Returned: code: 255  signal: null
13 info lifecycle ghost@0.11.10~start: Failed to exec start script
14 verbose stack Error: ghost@0.11.10 start: `node index`
14 verbose stack Exit status 255
14 verbose stack     at EventEmitter.<anonymous> (/home/neiljune/.nvm/versions/node/v6.9.5/lib/node_modules/npm/lib/utils/lifecycle.js:255:16)
14 verbose stack     at emitTwo (events.js:106:13)
14 verbose stack     at EventEmitter.emit (events.js:191:7)
14 verbose stack     at ChildProcess.<anonymous> (/home/neiljune/.nvm/versions/node/v6.9.5/lib/node_modules/npm/lib/utils/spawn.js:40:14)
14 verbose stack     at emitTwo (events.js:106:13)
14 verbose stack     at ChildProcess.emit (events.js:191:7)
14 verbose stack     at maybeClose (internal/child_process.js:877:16)
14 verbose stack     at Process.ChildProcess._handle.onexit (internal/child_process.js:226:5)
15 verbose pkgid ghost@0.11.10
16 verbose cwd /home/neiljune/Desktop/nejuprojects
17 error Linux 4.4.0-83-generic
18 error argv "/home/neiljune/.nvm/versions/node/v6.9.5/bin/node" "/home/neiljune/.nvm/versions/node/v6.9.5/bin/npm" "start"
19 error node v6.9.5
20 error npm  v3.10.10
21 error code ELIFECYCLE
22 error ghost@0.11.10 start: `node index`
22 error Exit status 255
23 error Failed at the ghost@0.11.10 start script 'node index'.
23 error Make sure you have the latest version of node.js and npm installed.
23 error If you do, this is most likely a problem with the ghost package,
23 error not with npm itself.
23 error Tell the author that this fails on your system:
23 error     node index
23 error You can get information on how to open an issue for this project with:
23 error     npm bugs ghost
23 error Or if that isn't available, you can get their info via:
23 error     npm owner ls ghost
23 error There is likely additional logging output above.
24 verbose exit [ 1, true ]
